2023-04-16 11:36:20,551 [INFO] sum odd integers betewwen 50 and 100
2023-04-16 11:39:34,818 [INFO] sum odd integers betewwen 50 and 100
2023-04-16 11:40:12,108 [INFO] sum odd integers betewwen 50 and 100
2023-04-16 11:41:49,895 [INFO] sum odd integers betewwen 50 and 100
2023-04-16 11:41:49,895 [INFO] add = 50 to 0
2023-04-16 11:41:49,895 [INFO] add = 51 to 50
2023-04-16 11:41:49,895 [INFO] add = 52 to 101
2023-04-16 11:41:49,895 [INFO] add = 53 to 153
2023-04-16 11:41:49,895 [INFO] add = 54 to 206
2023-04-16 11:41:49,895 [INFO] add = 55 to 260
2023-04-16 11:41:49,895 [INFO] add = 56 to 315
2023-04-16 11:41:49,895 [INFO] add = 57 to 371
2023-04-16 11:41:49,895 [INFO] add = 58 to 428
2023-04-16 11:41:49,895 [INFO] add = 59 to 486
2023-04-16 11:41:49,895 [INFO] add = 60 to 545
2023-04-16 11:41:49,895 [INFO] add = 61 to 605
2023-04-16 11:41:49,895 [INFO] add = 62 to 666
2023-04-16 11:41:49,895 [INFO] add = 63 to 728
2023-04-16 11:41:49,895 [INFO] add = 64 to 791
2023-04-16 11:41:49,895 [INFO] add = 65 to 855
2023-04-16 11:41:49,895 [INFO] add = 66 to 920
2023-04-16 11:41:49,895 [INFO] add = 67 to 986
2023-04-16 11:41:49,895 [INFO] add = 68 to 1053
2023-04-16 11:41:49,895 [INFO] add = 69 to 1121
2023-04-16 11:41:49,895 [INFO] add = 70 to 1190
2023-04-16 11:41:49,895 [INFO] add = 71 to 1260
2023-04-16 11:41:49,895 [INFO] add = 72 to 1331
2023-04-16 11:41:49,895 [INFO] add = 73 to 1403
2023-04-16 11:41:49,895 [INFO] add = 74 to 1476
2023-04-16 11:41:49,895 [INFO] add = 75 to 1550
2023-04-16 11:41:49,895 [INFO] add = 76 to 1625
2023-04-16 11:41:49,895 [INFO] add = 77 to 1701
2023-04-16 11:41:49,895 [INFO] add = 78 to 1778
2023-04-16 11:41:49,896 [INFO] add = 79 to 1856
2023-04-16 11:41:49,896 [INFO] add = 80 to 1935
2023-04-16 11:41:49,896 [INFO] add = 81 to 2015
2023-04-16 11:41:49,896 [INFO] add = 82 to 2096
2023-04-16 11:41:49,896 [INFO] add = 83 to 2178
2023-04-16 11:41:49,896 [INFO] add = 84 to 2261
2023-04-16 11:41:49,896 [INFO] add = 85 to 2345
2023-04-16 11:41:49,896 [INFO] add = 86 to 2430
2023-04-16 11:41:49,896 [INFO] add = 87 to 2516
2023-04-16 11:41:49,896 [INFO] add = 88 to 2603
2023-04-16 11:41:49,896 [INFO] add = 89 to 2691
2023-04-16 11:41:49,896 [INFO] add = 90 to 2780
2023-04-16 11:41:49,896 [INFO] add = 91 to 2870
2023-04-16 11:41:49,896 [INFO] add = 92 to 2961
2023-04-16 11:41:49,896 [INFO] add = 93 to 3053
2023-04-16 11:41:49,896 [INFO] add = 94 to 3146
2023-04-16 11:41:49,896 [INFO] add = 95 to 3240
2023-04-16 11:41:49,896 [INFO] add = 96 to 3335
2023-04-16 11:41:49,896 [INFO] add = 97 to 3431
2023-04-16 11:41:49,896 [INFO] add = 98 to 3528
2023-04-16 11:41:49,896 [INFO] add = 99 to 3626
2023-04-16 11:42:53,861 [INFO] sum odd integers betewwen 50 and 100
2023-04-16 11:42:53,861 [INFO] add = 50 to 0
2023-04-16 11:42:53,861 [INFO] add = 51 to 50
2023-04-16 11:42:53,861 [INFO] add = 52 to 101
2023-04-16 11:42:53,861 [INFO] add = 53 to 153
2023-04-16 11:42:53,861 [INFO] add = 54 to 206
2023-04-16 11:42:53,861 [INFO] add = 55 to 260
2023-04-16 11:42:53,861 [INFO] add = 56 to 315
2023-04-16 11:42:53,861 [INFO] add = 57 to 371
2023-04-16 11:42:53,861 [INFO] add = 58 to 428
2023-04-16 11:42:53,862 [INFO] add = 59 to 486
2023-04-16 11:42:53,862 [INFO] add = 60 to 545
2023-04-16 11:42:53,862 [INFO] add = 61 to 605
2023-04-16 11:42:53,862 [INFO] add = 62 to 666
2023-04-16 11:42:53,862 [INFO] add = 63 to 728
2023-04-16 11:42:53,862 [INFO] add = 64 to 791
2023-04-16 11:42:53,862 [INFO] add = 65 to 855
2023-04-16 11:42:53,862 [INFO] add = 66 to 920
2023-04-16 11:42:53,862 [INFO] add = 67 to 986
2023-04-16 11:42:53,862 [INFO] add = 68 to 1053
2023-04-16 11:42:53,862 [INFO] add = 69 to 1121
2023-04-16 11:42:53,862 [INFO] add = 70 to 1190
2023-04-16 11:42:53,862 [INFO] add = 71 to 1260
2023-04-16 11:42:53,862 [INFO] add = 72 to 1331
2023-04-16 11:42:53,862 [INFO] add = 73 to 1403
2023-04-16 11:42:53,862 [INFO] add = 74 to 1476
2023-04-16 11:42:53,862 [INFO] add = 75 to 1550
2023-04-16 11:42:53,862 [INFO] add = 76 to 1625
2023-04-16 11:42:53,862 [INFO] add = 77 to 1701
2023-04-16 11:42:53,862 [INFO] add = 78 to 1778
2023-04-16 11:42:53,862 [INFO] add = 79 to 1856
2023-04-16 11:42:53,862 [INFO] add = 80 to 1935
2023-04-16 11:42:53,862 [INFO] add = 81 to 2015
2023-04-16 11:42:53,862 [INFO] add = 82 to 2096
2023-04-16 11:42:53,862 [INFO] add = 83 to 2178
2023-04-16 11:42:53,862 [INFO] add = 84 to 2261
2023-04-16 11:42:53,862 [INFO] add = 85 to 2345
2023-04-16 11:42:53,862 [INFO] add = 86 to 2430
2023-04-16 11:42:53,862 [INFO] add = 87 to 2516
2023-04-16 11:42:53,862 [INFO] add = 88 to 2603
2023-04-16 11:42:53,862 [INFO] add = 89 to 2691
2023-04-16 11:42:53,862 [INFO] add = 90 to 2780
2023-04-16 11:42:53,862 [INFO] add = 91 to 2870
2023-04-16 11:42:53,862 [INFO] add = 92 to 2961
2023-04-16 11:42:53,862 [INFO] add = 93 to 3053
2023-04-16 11:42:53,862 [INFO] add = 94 to 3146
2023-04-16 11:42:53,862 [INFO] add = 95 to 3240
2023-04-16 11:42:53,862 [INFO] add = 96 to 3335
2023-04-16 11:42:53,862 [INFO] add = 97 to 3431
2023-04-16 11:42:53,862 [INFO] add = 98 to 3528
2023-04-16 11:42:53,862 [INFO] add = 99 to 3626
2023-04-16 11:43:10,498 [INFO] sum odd integers betewwen 50 and 100
2023-04-16 11:43:10,498 [INFO] add = 50 to 0
2023-04-16 11:43:10,498 [INFO] add = 51 to 50
2023-04-16 11:43:10,498 [INFO] add = 52 to 101
2023-04-16 11:43:10,498 [INFO] add = 53 to 153
2023-04-16 11:43:10,498 [INFO] add = 54 to 206
2023-04-16 11:43:10,498 [INFO] add = 55 to 260
2023-04-16 11:43:10,498 [INFO] add = 56 to 315
2023-04-16 11:43:10,498 [INFO] add = 57 to 371
2023-04-16 11:43:10,498 [INFO] add = 58 to 428
2023-04-16 11:43:10,498 [INFO] add = 59 to 486
2023-04-16 11:43:10,498 [INFO] add = 60 to 545
2023-04-16 11:43:10,498 [INFO] add = 61 to 605
2023-04-16 11:43:10,499 [INFO] add = 62 to 666
2023-04-16 11:43:10,499 [INFO] add = 63 to 728
2023-04-16 11:43:10,499 [INFO] add = 64 to 791
2023-04-16 11:43:10,499 [INFO] add = 65 to 855
2023-04-16 11:43:10,499 [INFO] add = 66 to 920
2023-04-16 11:43:10,499 [INFO] add = 67 to 986
2023-04-16 11:43:10,499 [INFO] add = 68 to 1053
2023-04-16 11:43:10,499 [INFO] add = 69 to 1121
2023-04-16 11:43:10,499 [INFO] add = 70 to 1190
2023-04-16 11:43:10,499 [INFO] add = 71 to 1260
2023-04-16 11:43:10,499 [INFO] add = 72 to 1331
2023-04-16 11:43:10,499 [INFO] add = 73 to 1403
2023-04-16 11:43:10,499 [INFO] add = 74 to 1476
2023-04-16 11:43:10,499 [INFO] add = 75 to 1550
2023-04-16 11:43:10,499 [INFO] add = 76 to 1625
2023-04-16 11:43:10,499 [INFO] add = 77 to 1701
2023-04-16 11:43:10,499 [INFO] add = 78 to 1778
2023-04-16 11:43:10,499 [INFO] add = 79 to 1856
2023-04-16 11:43:10,499 [INFO] add = 80 to 1935
2023-04-16 11:43:10,499 [INFO] add = 81 to 2015
2023-04-16 11:43:10,499 [INFO] add = 82 to 2096
2023-04-16 11:43:10,499 [INFO] add = 83 to 2178
2023-04-16 11:43:10,499 [INFO] add = 84 to 2261
2023-04-16 11:43:10,499 [INFO] add = 85 to 2345
2023-04-16 11:43:10,499 [INFO] add = 86 to 2430
2023-04-16 11:43:10,499 [INFO] add = 87 to 2516
2023-04-16 11:43:10,499 [INFO] add = 88 to 2603
2023-04-16 11:43:10,499 [INFO] add = 89 to 2691
2023-04-16 11:43:10,499 [INFO] add = 90 to 2780
2023-04-16 11:43:10,499 [INFO] add = 91 to 2870
2023-04-16 11:43:10,499 [INFO] add = 92 to 2961
2023-04-16 11:43:10,499 [INFO] add = 93 to 3053
2023-04-16 11:43:10,499 [INFO] add = 94 to 3146
2023-04-16 11:43:10,499 [INFO] add = 95 to 3240
2023-04-16 11:43:10,499 [INFO] add = 96 to 3335
2023-04-16 11:43:10,500 [INFO] add = 97 to 3431
2023-04-16 11:43:10,500 [INFO] add = 98 to 3528
2023-04-16 11:43:10,500 [INFO] add = 99 to 3626
2023-04-16 11:43:41,725 [INFO] sum odd integers betewwen 50 and 100
2023-04-16 11:43:41,725 [INFO] add = 50 to 0
2023-04-16 11:43:41,725 [INFO] add = 51 to 50
2023-04-16 11:43:41,726 [INFO] add = 52 to 101
2023-04-16 11:43:41,726 [INFO] add = 53 to 153
2023-04-16 11:43:41,726 [INFO] add = 54 to 206
2023-04-16 11:43:41,726 [INFO] add = 55 to 260
2023-04-16 11:43:41,726 [INFO] add = 56 to 315
2023-04-16 11:43:41,726 [INFO] add = 57 to 371
2023-04-16 11:43:41,726 [INFO] add = 58 to 428
2023-04-16 11:43:41,726 [INFO] add = 59 to 486
2023-04-16 11:43:41,726 [INFO] add = 60 to 545
2023-04-16 11:43:41,726 [INFO] add = 61 to 605
2023-04-16 11:43:41,726 [INFO] add = 62 to 666
2023-04-16 11:43:41,726 [INFO] add = 63 to 728
2023-04-16 11:43:41,726 [INFO] add = 64 to 791
2023-04-16 11:43:41,726 [INFO] add = 65 to 855
2023-04-16 11:43:41,726 [INFO] add = 66 to 920
2023-04-16 11:43:41,726 [INFO] add = 67 to 986
2023-04-16 11:43:41,726 [INFO] add = 68 to 1053
2023-04-16 11:43:41,726 [INFO] add = 69 to 1121
2023-04-16 11:43:41,726 [INFO] add = 70 to 1190
2023-04-16 11:43:41,726 [INFO] add = 71 to 1260
2023-04-16 11:43:41,726 [INFO] add = 72 to 1331
2023-04-16 11:43:41,726 [INFO] add = 73 to 1403
2023-04-16 11:43:41,726 [INFO] add = 74 to 1476
2023-04-16 11:43:41,726 [INFO] add = 75 to 1550
2023-04-16 11:43:41,726 [INFO] add = 76 to 1625
2023-04-16 11:43:41,726 [INFO] add = 77 to 1701
2023-04-16 11:43:41,726 [INFO] add = 78 to 1778
2023-04-16 11:43:41,726 [INFO] add = 79 to 1856
2023-04-16 11:43:41,726 [INFO] add = 80 to 1935
2023-04-16 11:43:41,726 [INFO] add = 81 to 2015
2023-04-16 11:43:41,726 [INFO] add = 82 to 2096
2023-04-16 11:43:41,726 [INFO] add = 83 to 2178
2023-04-16 11:43:41,726 [INFO] add = 84 to 2261
2023-04-16 11:43:41,726 [INFO] add = 85 to 2345
2023-04-16 11:43:41,726 [INFO] add = 86 to 2430
2023-04-16 11:43:41,726 [INFO] add = 87 to 2516
2023-04-16 11:43:41,726 [INFO] add = 88 to 2603
2023-04-16 11:43:41,726 [INFO] add = 89 to 2691
2023-04-16 11:43:41,726 [INFO] add = 90 to 2780
2023-04-16 11:43:41,726 [INFO] add = 91 to 2870
2023-04-16 11:43:41,726 [INFO] add = 92 to 2961
2023-04-16 11:43:41,726 [INFO] add = 93 to 3053
2023-04-16 11:43:41,726 [INFO] add = 94 to 3146
2023-04-16 11:43:41,726 [INFO] add = 95 to 3240
2023-04-16 11:43:41,726 [INFO] add = 96 to 3335
2023-04-16 11:43:41,726 [INFO] add = 97 to 3431
2023-04-16 11:43:41,726 [INFO] add = 98 to 3528
2023-04-16 11:43:41,726 [INFO] add = 99 to 3626
2023-04-16 11:45:10,162 [INFO] sum odd integers betewwen 50 and 100
2023-04-16 11:45:10,162 [INFO] add = 51 to 0
2023-04-16 11:45:10,162 [INFO] add = 53 to 51
2023-04-16 11:45:10,162 [INFO] add = 55 to 104
2023-04-16 11:45:10,162 [INFO] add = 57 to 159
2023-04-16 11:45:10,162 [INFO] add = 59 to 216
2023-04-16 11:45:10,162 [INFO] add = 61 to 275
2023-04-16 11:45:10,162 [INFO] add = 63 to 336
2023-04-16 11:45:10,163 [INFO] add = 65 to 399
2023-04-16 11:45:10,163 [INFO] add = 67 to 464
2023-04-16 11:45:10,163 [INFO] add = 69 to 531
2023-04-16 11:45:10,163 [INFO] add = 71 to 600
2023-04-16 11:45:10,163 [INFO] add = 73 to 671
2023-04-16 11:45:10,163 [INFO] add = 75 to 744
2023-04-16 11:45:10,163 [INFO] add = 77 to 819
2023-04-16 11:45:10,163 [INFO] add = 79 to 896
2023-04-16 11:45:10,163 [INFO] add = 81 to 975
2023-04-16 11:45:10,163 [INFO] add = 83 to 1056
2023-04-16 11:45:10,163 [INFO] add = 85 to 1139
2023-04-16 11:45:10,163 [INFO] add = 87 to 1224
2023-04-16 11:45:10,163 [INFO] add = 89 to 1311
2023-04-16 11:45:10,163 [INFO] add = 91 to 1400
2023-04-16 11:45:10,163 [INFO] add = 93 to 1491
2023-04-16 11:45:10,163 [INFO] add = 95 to 1584
2023-04-16 11:45:10,163 [INFO] add = 97 to 1679
2023-04-16 11:45:10,163 [INFO] add = 99 to 1776
2023-04-16 11:47:59,247 [INFO] sum odd integers betewwen 50 and 100
2023-04-16 11:47:59,247 [INFO] add = 51 to 0
2023-04-16 11:47:59,247 [INFO] add = 53 to 51
2023-04-16 11:47:59,247 [INFO] add = 55 to 104
2023-04-16 11:47:59,247 [INFO] add = 57 to 159
2023-04-16 11:47:59,247 [INFO] add = 59 to 216
2023-04-16 11:47:59,247 [INFO] add = 61 to 275
2023-04-16 11:47:59,247 [INFO] add = 63 to 336
2023-04-16 11:47:59,247 [INFO] add = 65 to 399
2023-04-16 11:47:59,247 [INFO] add = 67 to 464
2023-04-16 11:47:59,247 [INFO] add = 69 to 531
2023-04-16 11:47:59,248 [INFO] add = 71 to 600
2023-04-16 11:47:59,248 [INFO] add = 73 to 671
2023-04-16 11:47:59,248 [INFO] add = 75 to 744
2023-04-16 11:47:59,248 [INFO] add = 77 to 819
2023-04-16 11:47:59,248 [INFO] add = 79 to 896
2023-04-16 11:47:59,248 [INFO] add = 81 to 975
2023-04-16 11:47:59,248 [INFO] add = 83 to 1056
2023-04-16 11:47:59,248 [INFO] add = 85 to 1139
2023-04-16 11:47:59,248 [INFO] add = 87 to 1224
2023-04-16 11:47:59,248 [INFO] add = 89 to 1311
2023-04-16 11:47:59,248 [INFO] add = 91 to 1400
2023-04-16 11:47:59,248 [INFO] add = 93 to 1491
2023-04-16 11:47:59,248 [INFO] add = 95 to 1584
2023-04-16 11:47:59,248 [INFO] add = 97 to 1679
2023-04-16 11:47:59,248 [INFO] add = 99 to 1776
2023-04-16 11:48:51,957 [INFO] sum odd integers betewwen 50 and 100
2023-04-16 11:48:51,957 [INFO] add = 51 to <built-in function sum>
2023-04-16 11:48:51,957 [INFO] add = 53 to <built-in function sum>
2023-04-16 11:48:51,957 [INFO] add = 55 to <built-in function sum>
2023-04-16 11:48:51,957 [INFO] add = 57 to <built-in function sum>
2023-04-16 11:48:51,957 [INFO] add = 59 to <built-in function sum>
2023-04-16 11:48:51,957 [INFO] add = 61 to <built-in function sum>
2023-04-16 11:48:51,957 [INFO] add = 63 to <built-in function sum>
2023-04-16 11:48:51,957 [INFO] add = 65 to <built-in function sum>
2023-04-16 11:48:51,957 [INFO] add = 67 to <built-in function sum>
2023-04-16 11:48:51,957 [INFO] add = 69 to <built-in function sum>
2023-04-16 11:48:51,957 [INFO] add = 71 to <built-in function sum>
2023-04-16 11:48:51,958 [INFO] add = 73 to <built-in function sum>
2023-04-16 11:48:51,958 [INFO] add = 75 to <built-in function sum>
2023-04-16 11:48:51,958 [INFO] add = 77 to <built-in function sum>
2023-04-16 11:48:51,958 [INFO] add = 79 to <built-in function sum>
2023-04-16 11:48:51,958 [INFO] add = 81 to <built-in function sum>
2023-04-16 11:48:51,958 [INFO] add = 83 to <built-in function sum>
2023-04-16 11:48:51,958 [INFO] add = 85 to <built-in function sum>
2023-04-16 11:48:51,958 [INFO] add = 87 to <built-in function sum>
2023-04-16 11:48:51,958 [INFO] add = 89 to <built-in function sum>
2023-04-16 11:48:51,958 [INFO] add = 91 to <built-in function sum>
2023-04-16 11:48:51,958 [INFO] add = 93 to <built-in function sum>
2023-04-16 11:48:51,958 [INFO] add = 95 to <built-in function sum>
2023-04-16 11:48:51,958 [INFO] add = 97 to <built-in function sum>
2023-04-16 11:48:51,958 [INFO] add = 99 to <built-in function sum>
2023-04-16 11:49:09,425 [INFO] sum odd integers betewwen 50 and 100
2023-04-16 11:49:09,425 [INFO] add = 51 to 0
2023-04-16 11:49:09,425 [INFO] add = 53 to 51
2023-04-16 11:49:09,425 [INFO] add = 55 to 104
2023-04-16 11:49:09,425 [INFO] add = 57 to 159
2023-04-16 11:49:09,425 [INFO] add = 59 to 216
2023-04-16 11:49:09,425 [INFO] add = 61 to 275
2023-04-16 11:49:09,425 [INFO] add = 63 to 336
2023-04-16 11:49:09,425 [INFO] add = 65 to 399
2023-04-16 11:49:09,425 [INFO] add = 67 to 464
2023-04-16 11:49:09,425 [INFO] add = 69 to 531
2023-04-16 11:49:09,425 [INFO] add = 71 to 600
2023-04-16 11:49:09,425 [INFO] add = 73 to 671
2023-04-16 11:49:09,425 [INFO] add = 75 to 744
2023-04-16 11:49:09,425 [INFO] add = 77 to 819
2023-04-16 11:49:09,425 [INFO] add = 79 to 896
2023-04-16 11:49:09,425 [INFO] add = 81 to 975
2023-04-16 11:49:09,425 [INFO] add = 83 to 1056
2023-04-16 11:49:09,425 [INFO] add = 85 to 1139
2023-04-16 11:49:09,425 [INFO] add = 87 to 1224
2023-04-16 11:49:09,425 [INFO] add = 89 to 1311
2023-04-16 11:49:09,425 [INFO] add = 91 to 1400
2023-04-16 11:49:09,425 [INFO] add = 93 to 1491
2023-04-16 11:49:09,425 [INFO] add = 95 to 1584
2023-04-16 11:49:09,425 [INFO] add = 97 to 1679
2023-04-16 11:49:09,425 [INFO] add = 99 to 1776
2023-04-16 11:52:12,662 [INFO] sum odd integers betewwen 10 and 25
2023-04-16 11:52:12,665 [INFO] add = 11 to 0
2023-04-16 11:52:12,665 [INFO] add = 13 to 11
2023-04-16 11:52:12,665 [INFO] add = 15 to 24
2023-04-16 11:52:12,665 [INFO] add = 17 to 39
2023-04-16 11:52:12,665 [INFO] add = 19 to 56
2023-04-16 11:52:12,665 [INFO] add = 21 to 75
2023-04-16 11:52:12,665 [INFO] add = 23 to 96
2023-04-16 11:53:02,892 [INFO] sum odd integers betewwen 10 and 25
2023-04-16 11:53:02,893 [INFO] add = 11 to 0
2023-04-16 11:53:02,893 [INFO] add = 13 to 11
2023-04-16 11:53:02,893 [INFO] add = 15 to 24
2023-04-16 11:53:02,893 [INFO] add = 17 to 39
2023-04-16 11:53:02,893 [INFO] add = 19 to 56
2023-04-16 11:53:02,893 [INFO] add = 21 to 75
2023-04-16 11:53:02,894 [INFO] add = 23 to 96
2023-04-16 11:53:18,739 [INFO] sum odd integers betewwen 10 and 26
2023-04-16 11:53:18,740 [INFO] add = 11 to 0
2023-04-16 11:53:18,740 [INFO] add = 13 to 11
2023-04-16 11:53:18,740 [INFO] add = 15 to 24
2023-04-16 11:53:18,740 [INFO] add = 17 to 39
2023-04-16 11:53:18,740 [INFO] add = 19 to 56
2023-04-16 11:53:18,740 [INFO] add = 21 to 75
2023-04-16 11:53:18,740 [INFO] add = 23 to 96
2023-04-16 11:53:18,740 [INFO] add = 25 to 119
2023-04-16 11:53:45,923 [INFO] sum odd integers betewwen 50 and 101
2023-04-16 11:53:45,924 [INFO] add = 51 to 0
2023-04-16 11:53:45,924 [INFO] add = 53 to 51
2023-04-16 11:53:45,925 [INFO] add = 55 to 104
2023-04-16 11:53:45,925 [INFO] add = 57 to 159
2023-04-16 11:53:45,925 [INFO] add = 59 to 216
2023-04-16 11:53:45,925 [INFO] add = 61 to 275
2023-04-16 11:53:45,925 [INFO] add = 63 to 336
2023-04-16 11:53:45,925 [INFO] add = 65 to 399
2023-04-16 11:53:45,925 [INFO] add = 67 to 464
2023-04-16 11:53:45,925 [INFO] add = 69 to 531
2023-04-16 11:53:45,925 [INFO] add = 71 to 600
2023-04-16 11:53:45,925 [INFO] add = 73 to 671
2023-04-16 11:53:45,925 [INFO] add = 75 to 744
2023-04-16 11:53:45,925 [INFO] add = 77 to 819
2023-04-16 11:53:45,925 [INFO] add = 79 to 896
2023-04-16 11:53:45,925 [INFO] add = 81 to 975
2023-04-16 11:53:45,925 [INFO] add = 83 to 1056
2023-04-16 11:53:45,925 [INFO] add = 85 to 1139
2023-04-16 11:53:45,925 [INFO] add = 87 to 1224
2023-04-16 11:53:45,925 [INFO] add = 89 to 1311
2023-04-16 11:53:45,925 [INFO] add = 91 to 1400
2023-04-16 11:53:45,926 [INFO] add = 93 to 1491
2023-04-16 11:53:45,926 [INFO] add = 95 to 1584
2023-04-16 11:53:45,926 [INFO] add = 97 to 1679
2023-04-16 11:53:45,926 [INFO] add = 99 to 1776
2023-04-16 11:57:26,063 [INFO] sum odd integers between 50 and 101
2023-04-16 11:57:26,065 [INFO] add = 51 to 0
2023-04-16 11:57:26,065 [INFO] add = 53 to 51
2023-04-16 11:57:26,065 [INFO] add = 55 to 104
2023-04-16 11:57:26,066 [INFO] add = 57 to 159
2023-04-16 11:57:26,066 [INFO] add = 59 to 216
2023-04-16 11:57:26,066 [INFO] add = 61 to 275
2023-04-16 11:57:26,066 [INFO] add = 63 to 336
2023-04-16 11:57:26,066 [INFO] add = 65 to 399
2023-04-16 11:57:26,066 [INFO] add = 67 to 464
2023-04-16 11:57:26,066 [INFO] add = 69 to 531
2023-04-16 11:57:26,066 [INFO] add = 71 to 600
2023-04-16 11:57:26,066 [INFO] add = 73 to 671
2023-04-16 11:57:26,067 [INFO] add = 75 to 744
2023-04-16 11:57:26,067 [INFO] add = 77 to 819
2023-04-16 11:57:26,067 [INFO] add = 79 to 896
2023-04-16 11:57:26,067 [INFO] add = 81 to 975
2023-04-16 11:57:26,067 [INFO] add = 83 to 1056
2023-04-16 11:57:26,067 [INFO] add = 85 to 1139
2023-04-16 11:57:26,067 [INFO] add = 87 to 1224
2023-04-16 11:57:26,067 [INFO] add = 89 to 1311
2023-04-16 11:57:26,067 [INFO] add = 91 to 1400
2023-04-16 11:57:26,067 [INFO] add = 93 to 1491
2023-04-16 11:57:26,067 [INFO] add = 95 to 1584
2023-04-16 11:57:26,067 [INFO] add = 97 to 1679
2023-04-16 11:57:26,067 [INFO] add = 99 to 1776
2023-04-16 11:59:54,980 [INFO] sum odd integers between 50 and 101
2023-04-16 11:59:54,982 [INFO] Is 50 an odd number? If not pass
2023-04-16 11:59:54,982 [INFO] Is 51 an odd number? If not pass
2023-04-16 11:59:54,983 [INFO] add = 51 to 0
2023-04-16 11:59:54,983 [INFO] Is 52 an odd number? If not pass
2023-04-16 11:59:54,983 [INFO] Is 53 an odd number? If not pass
2023-04-16 11:59:54,983 [INFO] add = 53 to 51
2023-04-16 11:59:54,983 [INFO] Is 54 an odd number? If not pass
2023-04-16 11:59:54,983 [INFO] Is 55 an odd number? If not pass
2023-04-16 11:59:54,983 [INFO] add = 55 to 104
2023-04-16 11:59:54,983 [INFO] Is 56 an odd number? If not pass
2023-04-16 11:59:54,983 [INFO] Is 57 an odd number? If not pass
2023-04-16 11:59:54,983 [INFO] add = 57 to 159
2023-04-16 11:59:54,983 [INFO] Is 58 an odd number? If not pass
2023-04-16 11:59:54,984 [INFO] Is 59 an odd number? If not pass
2023-04-16 11:59:54,984 [INFO] add = 59 to 216
2023-04-16 11:59:54,984 [INFO] Is 60 an odd number? If not pass
2023-04-16 11:59:54,984 [INFO] Is 61 an odd number? If not pass
2023-04-16 11:59:54,984 [INFO] add = 61 to 275
2023-04-16 11:59:54,984 [INFO] Is 62 an odd number? If not pass
2023-04-16 11:59:54,984 [INFO] Is 63 an odd number? If not pass
2023-04-16 11:59:54,984 [INFO] add = 63 to 336
2023-04-16 11:59:54,984 [INFO] Is 64 an odd number? If not pass
2023-04-16 11:59:54,984 [INFO] Is 65 an odd number? If not pass
2023-04-16 11:59:54,984 [INFO] add = 65 to 399
2023-04-16 11:59:54,985 [INFO] Is 66 an odd number? If not pass
2023-04-16 11:59:54,985 [INFO] Is 67 an odd number? If not pass
2023-04-16 11:59:54,985 [INFO] add = 67 to 464
2023-04-16 11:59:54,985 [INFO] Is 68 an odd number? If not pass
2023-04-16 11:59:54,985 [INFO] Is 69 an odd number? If not pass
2023-04-16 11:59:54,985 [INFO] add = 69 to 531
2023-04-16 11:59:54,985 [INFO] Is 70 an odd number? If not pass
2023-04-16 11:59:54,985 [INFO] Is 71 an odd number? If not pass
2023-04-16 11:59:54,985 [INFO] add = 71 to 600
2023-04-16 11:59:54,985 [INFO] Is 72 an odd number? If not pass
2023-04-16 11:59:54,985 [INFO] Is 73 an odd number? If not pass
2023-04-16 11:59:54,985 [INFO] add = 73 to 671
2023-04-16 11:59:54,985 [INFO] Is 74 an odd number? If not pass
2023-04-16 11:59:54,985 [INFO] Is 75 an odd number? If not pass
2023-04-16 11:59:54,985 [INFO] add = 75 to 744
2023-04-16 11:59:54,985 [INFO] Is 76 an odd number? If not pass
2023-04-16 11:59:54,985 [INFO] Is 77 an odd number? If not pass
2023-04-16 11:59:54,985 [INFO] add = 77 to 819
2023-04-16 11:59:54,985 [INFO] Is 78 an odd number? If not pass
2023-04-16 11:59:54,985 [INFO] Is 79 an odd number? If not pass
2023-04-16 11:59:54,986 [INFO] add = 79 to 896
2023-04-16 11:59:54,986 [INFO] Is 80 an odd number? If not pass
2023-04-16 11:59:54,986 [INFO] Is 81 an odd number? If not pass
2023-04-16 11:59:54,986 [INFO] add = 81 to 975
2023-04-16 11:59:54,986 [INFO] Is 82 an odd number? If not pass
2023-04-16 11:59:54,986 [INFO] Is 83 an odd number? If not pass
2023-04-16 11:59:54,986 [INFO] add = 83 to 1056
2023-04-16 11:59:54,986 [INFO] Is 84 an odd number? If not pass
2023-04-16 11:59:54,986 [INFO] Is 85 an odd number? If not pass
2023-04-16 11:59:54,986 [INFO] add = 85 to 1139
2023-04-16 11:59:54,986 [INFO] Is 86 an odd number? If not pass
2023-04-16 11:59:54,986 [INFO] Is 87 an odd number? If not pass
2023-04-16 11:59:54,986 [INFO] add = 87 to 1224
2023-04-16 11:59:54,986 [INFO] Is 88 an odd number? If not pass
2023-04-16 11:59:54,986 [INFO] Is 89 an odd number? If not pass
2023-04-16 11:59:54,986 [INFO] add = 89 to 1311
2023-04-16 11:59:54,986 [INFO] Is 90 an odd number? If not pass
2023-04-16 11:59:54,986 [INFO] Is 91 an odd number? If not pass
2023-04-16 11:59:54,986 [INFO] add = 91 to 1400
2023-04-16 11:59:54,986 [INFO] Is 92 an odd number? If not pass
2023-04-16 11:59:54,986 [INFO] Is 93 an odd number? If not pass
2023-04-16 11:59:54,986 [INFO] add = 93 to 1491
2023-04-16 11:59:54,987 [INFO] Is 94 an odd number? If not pass
2023-04-16 11:59:54,987 [INFO] Is 95 an odd number? If not pass
2023-04-16 11:59:54,987 [INFO] add = 95 to 1584
2023-04-16 11:59:54,987 [INFO] Is 96 an odd number? If not pass
2023-04-16 11:59:54,987 [INFO] Is 97 an odd number? If not pass
2023-04-16 11:59:54,987 [INFO] add = 97 to 1679
2023-04-16 11:59:54,987 [INFO] Is 98 an odd number? If not pass
2023-04-16 11:59:54,987 [INFO] Is 99 an odd number? If not pass
2023-04-16 11:59:54,987 [INFO] add = 99 to 1776
2023-04-16 11:59:54,987 [INFO] Is 100 an odd number? If not pass
2023-04-16 12:00:43,841 [INFO] sum odd integers between 50 and 101
2023-04-16 12:00:43,841 [INFO] add = 51 to 0
2023-04-16 12:00:43,841 [INFO] add = 53 to 51
2023-04-16 12:00:43,841 [INFO] add = 55 to 104
2023-04-16 12:00:43,841 [INFO] add = 57 to 159
2023-04-16 12:00:43,841 [INFO] add = 59 to 216
2023-04-16 12:00:43,841 [INFO] add = 61 to 275
2023-04-16 12:00:43,842 [INFO] add = 63 to 336
2023-04-16 12:00:43,842 [INFO] add = 65 to 399
2023-04-16 12:00:43,842 [INFO] add = 67 to 464
2023-04-16 12:00:43,842 [INFO] add = 69 to 531
2023-04-16 12:00:43,842 [INFO] add = 71 to 600
2023-04-16 12:00:43,842 [INFO] add = 73 to 671
2023-04-16 12:00:43,842 [INFO] add = 75 to 744
2023-04-16 12:00:43,842 [INFO] add = 77 to 819
2023-04-16 12:00:43,842 [INFO] add = 79 to 896
2023-04-16 12:00:43,842 [INFO] add = 81 to 975
2023-04-16 12:00:43,842 [INFO] add = 83 to 1056
2023-04-16 12:00:43,842 [INFO] add = 85 to 1139
2023-04-16 12:00:43,842 [INFO] add = 87 to 1224
2023-04-16 12:00:43,842 [INFO] add = 89 to 1311
2023-04-16 12:00:43,843 [INFO] add = 91 to 1400
2023-04-16 12:00:43,843 [INFO] add = 93 to 1491
2023-04-16 12:00:43,843 [INFO] add = 95 to 1584
2023-04-16 12:00:43,843 [INFO] add = 97 to 1679
2023-04-16 12:00:43,843 [INFO] add = 99 to 1776
2023-04-16 12:06:43,781 [INFO] sum odd integers between 50 and 101
2023-04-16 12:06:43,783 [INFO] add = 51 to 0
2023-04-16 12:06:43,783 [INFO] add = 53 to 51
2023-04-16 12:06:43,783 [INFO] add = 55 to 104
2023-04-16 12:06:43,783 [INFO] add = 57 to 159
2023-04-16 12:06:43,783 [INFO] add = 59 to 216
2023-04-16 12:06:43,783 [INFO] add = 61 to 275
2023-04-16 12:06:43,783 [INFO] add = 63 to 336
2023-04-16 12:06:43,783 [INFO] add = 65 to 399
2023-04-16 12:06:43,783 [INFO] add = 67 to 464
2023-04-16 12:06:43,784 [INFO] add = 69 to 531
2023-04-16 12:06:43,784 [INFO] add = 71 to 600
2023-04-16 12:06:43,784 [INFO] add = 73 to 671
2023-04-16 12:06:43,784 [INFO] add = 75 to 744
2023-04-16 12:06:43,784 [INFO] add = 77 to 819
2023-04-16 12:06:43,784 [INFO] add = 79 to 896
2023-04-16 12:06:43,784 [INFO] add = 81 to 975
2023-04-16 12:06:43,784 [INFO] add = 83 to 1056
2023-04-16 12:06:43,784 [INFO] add = 85 to 1139
2023-04-16 12:06:43,784 [INFO] add = 87 to 1224
2023-04-16 12:06:43,784 [INFO] add = 89 to 1311
2023-04-16 12:06:43,784 [INFO] add = 91 to 1400
2023-04-16 12:06:43,784 [INFO] add = 93 to 1491
2023-04-16 12:06:43,784 [INFO] add = 95 to 1584
2023-04-16 12:06:43,784 [INFO] add = 97 to 1679
2023-04-16 12:06:43,784 [INFO] add = 99 to 1776
